Fetching origin
Warning: Permanently added the RSA host key for IP address '192.30.253.112' to the list of known hosts.
From github.com:kuops/helm-charts-mirror
 * [new branch]      gh-pages   -> origin/gh-pages
 * [new branch]      master     -> origin/master
Previous HEAD position was 6c30699... Update .travis.yml
Switched to a new branch 'gh-pages'
Branch 'gh-pages' set up to track remote branch 'gh-pages' from 'origin'.
Already up to date.
Branch 'gh-pages' set up to track remote branch 'gh-pages' from 'origin'.
  % Total    % Received % Xferd  Average Speed   Time    Time     Time  Current
                                 Dload  Upload   Total   Spent    Left  Speed
  0     0    0     0    0     0      0      0 --:--:-- --:--:-- --:--:--     0100 3535k  100 3535k    0     0  80.1M      0 --:--:-- --:--:-- --:--:-- 80.2M
[2019-01-10 17:15:04] airflow-0.12.0.tgz update done.
[2019-01-10 17:15:07] spend time is: 30
[2019-01-10 17:15:07] spend time is: 30
[2019-01-10 17:15:07] spend time is: 30
[2019-01-10 17:15:07] spend time is: 30
[2019-01-10 17:15:07] spend time is: 30
[2019-01-10 17:15:07] spend time is: 30
[2019-01-10 17:15:07] spend time is: 30
[2019-01-10 17:15:07] spend time is: 30
[2019-01-10 17:15:07] spend time is: 30
[2019-01-10 17:15:07] spend time is: 30
[2019-01-10 17:15:07] spend time is: 30
[2019-01-10 17:15:07] spend time is: 30
[2019-01-10 17:15:07] spend time is: 30
[2019-01-10 17:15:07] spend time is: 30
[2019-01-10 17:15:07] spend time is: 30
[2019-01-10 17:15:08] spend time is: 30
[2019-01-10 17:15:08] spend time is: 30
[2019-01-10 17:15:16] cloudserver-1.0.0.tgz update done.
[2019-01-10 17:15:17] spend time is: 40
[2019-01-10 17:15:17] spend time is: 40
[2019-01-10 17:15:17] spend time is: 40
[2019-01-10 17:15:17] spend time is: 40
[2019-01-10 17:15:17] spend time is: 40
[2019-01-10 17:15:17] spend time is: 40
[2019-01-10 17:15:17] spend time is: 40
[2019-01-10 17:15:17] spend time is: 40
[2019-01-10 17:15:17] spend time is: 40
[2019-01-10 17:15:17] spend time is: 40
[2019-01-10 17:15:17] spend time is: 40
[2019-01-10 17:15:17] spend time is: 40
[2019-01-10 17:15:17] spend time is: 40
[2019-01-10 17:15:17] spend time is: 40
[2019-01-10 17:15:17] spend time is: 40
[2019-01-10 17:15:17] spend time is: 40
[2019-01-10 17:15:27] spend time is: 50
[2019-01-10 17:15:27] spend time is: 50
[2019-01-10 17:15:27] spend time is: 50
[2019-01-10 17:15:27] spend time is: 50
[2019-01-10 17:15:27] spend time is: 50
[2019-01-10 17:15:27] spend time is: 50
[2019-01-10 17:15:27] spend time is: 50
[2019-01-10 17:15:27] spend time is: 50
[2019-01-10 17:15:27] spend time is: 50
[2019-01-10 17:15:27] spend time is: 50
[2019-01-10 17:15:27] spend time is: 50
[2019-01-10 17:15:27] spend time is: 50
[2019-01-10 17:15:27] spend time is: 50
[2019-01-10 17:15:27] spend time is: 50
[2019-01-10 17:15:28] spend time is: 50
[2019-01-10 17:15:28] spend time is: 50
[2019-01-10 17:15:28] spend time is: 50
[2019-01-10 17:15:37] spend time is: 60
[2019-01-10 17:15:37] spend time is: 60
[2019-01-10 17:15:37] spend time is: 60
[2019-01-10 17:15:37] spend time is: 60
[2019-01-10 17:15:37] spend time is: 60
[2019-01-10 17:15:37] spend time is: 60
[2019-01-10 17:15:37] spend time is: 60
[2019-01-10 17:15:37] spend time is: 60
[2019-01-10 17:15:37] spend time is: 60
[2019-01-10 17:15:37] spend time is: 60
[2019-01-10 17:15:37] spend time is: 60
[2019-01-10 17:15:37] spend time is: 60
[2019-01-10 17:15:37] spend time is: 60
[2019-01-10 17:15:37] spend time is: 60
[2019-01-10 17:15:37] spend time is: 60
[2019-01-10 17:15:37] spend time is: 60
[2019-01-10 17:15:37] spend time is: 60
[2019-01-10 17:15:46] elastic-stack-1.3.0.tgz update done.
[2019-01-10 17:15:47] spend time is: 70
[2019-01-10 17:15:47] spend time is: 70
[2019-01-10 17:15:47] spend time is: 70
[2019-01-10 17:15:47] spend time is: 70
[2019-01-10 17:15:47] spend time is: 70
[2019-01-10 17:15:47] spend time is: 70
[2019-01-10 17:15:47] spend time is: 70
[2019-01-10 17:15:47] spend time is: 70
[2019-01-10 17:15:47] spend time is: 70
[2019-01-10 17:15:47] spend time is: 70
[2019-01-10 17:15:47] spend time is: 70
[2019-01-10 17:15:47] spend time is: 70
[2019-01-10 17:15:47] spend time is: 70
[2019-01-10 17:15:47] spend time is: 70
[2019-01-10 17:15:57] spend time is: 80
[2019-01-10 17:15:57] spend time is: 80
[2019-01-10 17:15:57] spend time is: 80
[2019-01-10 17:15:57] spend time is: 80
[2019-01-10 17:15:57] spend time is: 80
[2019-01-10 17:15:57] spend time is: 80
[2019-01-10 17:15:57] spend time is: 80
[2019-01-10 17:15:57] spend time is: 80
[2019-01-10 17:15:57] spend time is: 80
[2019-01-10 17:15:57] spend time is: 80
[2019-01-10 17:15:57] spend time is: 80
[2019-01-10 17:15:57] spend time is: 80
[2019-01-10 17:15:57] spend time is: 80
[2019-01-10 17:16:05] ghost-6.2.3.tgz update done.
[2019-01-10 17:16:05] ghost-6.2.2.tgz update done.
[2019-01-10 17:16:07] spend time is: 90
[2019-01-10 17:16:07] spend time is: 90
[2019-01-10 17:16:07] spend time is: 90
[2019-01-10 17:16:07] spend time is: 90
[2019-01-10 17:16:07] spend time is: 90
[2019-01-10 17:16:07] spend time is: 90
[2019-01-10 17:16:07] spend time is: 90
[2019-01-10 17:16:07] spend time is: 90
[2019-01-10 17:16:07] spend time is: 90
[2019-01-10 17:16:07] spend time is: 90
[2019-01-10 17:16:07] spend time is: 90
[2019-01-10 17:16:07] spend time is: 90
[2019-01-10 17:16:07] spend time is: 90
[2019-01-10 17:16:14] gitlab-ce-0.2.2.tgz update done.
[2019-01-10 17:16:17] spend time is: 100
[2019-01-10 17:16:17] spend time is: 100
[2019-01-10 17:16:17] spend time is: 100
[2019-01-10 17:16:17] spend time is: 100
[2019-01-10 17:16:17] spend time is: 100
[2019-01-10 17:16:17] spend time is: 100
[2019-01-10 17:16:17] spend time is: 100
[2019-01-10 17:16:17] spend time is: 100
[2019-01-10 17:16:17] spend time is: 100
[2019-01-10 17:16:17] spend time is: 100
[2019-01-10 17:16:17] spend time is: 100
[2019-01-10 17:16:17] spend time is: 100
[2019-01-10 17:16:17] spend time is: 100
[2019-01-10 17:16:27] spend time is: 110
[2019-01-10 17:16:27] spend time is: 110
[2019-01-10 17:16:27] spend time is: 110
[2019-01-10 17:16:27] spend time is: 110
[2019-01-10 17:16:27] spend time is: 110
[2019-01-10 17:16:27] spend time is: 110
[2019-01-10 17:16:27] spend time is: 110
[2019-01-10 17:16:27] spend time is: 110
[2019-01-10 17:16:27] spend time is: 110
[2019-01-10 17:16:27] spend time is: 110
[2019-01-10 17:16:27] spend time is: 110
[2019-01-10 17:16:27] spend time is: 110
[2019-01-10 17:16:27] spend time is: 110
[2019-01-10 17:16:27] spend time is: 110
[2019-01-10 17:16:37] spend time is: 120
[2019-01-10 17:16:37] spend time is: 120
[2019-01-10 17:16:37] spend time is: 120
[2019-01-10 17:16:37] spend time is: 120
[2019-01-10 17:16:37] spend time is: 120
[2019-01-10 17:16:37] spend time is: 120
[2019-01-10 17:16:37] spend time is: 120
[2019-01-10 17:16:42] jenkins-0.28.5.tgz update done.
[2019-01-10 17:16:42] jenkins-0.28.4.tgz update done.
[2019-01-10 17:16:47] spend time is: 130
[2019-01-10 17:16:47] spend time is: 130
[2019-01-10 17:16:47] spend time is: 130
[2019-01-10 17:16:47] spend time is: 130
[2019-01-10 17:16:47] spend time is: 130
[2019-01-10 17:16:47] spend time is: 130
[2019-01-10 17:16:47] spend time is: 130
[2019-01-10 17:16:48] spend time is: 130
[2019-01-10 17:16:57] spend time is: 140
[2019-01-10 17:16:57] spend time is: 140
[2019-01-10 17:16:57] spend time is: 140
[2019-01-10 17:16:57] spend time is: 140
[2019-01-10 17:16:57] spend time is: 140
[2019-01-10 17:16:57] spend time is: 140
[2019-01-10 17:16:57] spend time is: 140
[2019-01-10 17:17:07] spend time is: 150
[2019-01-10 17:17:07] kafka-manager-1.1.0.tgz update done.
[2019-01-10 17:17:07] spend time is: 150
[2019-01-10 17:17:07] spend time is: 150
[2019-01-10 17:17:07] spend time is: 150
[2019-01-10 17:17:07] spend time is: 150
[2019-01-10 17:17:07] spend time is: 150
[2019-01-10 17:17:07] spend time is: 150
[2019-01-10 17:17:17] spend time is: 160
[2019-01-10 17:17:17] spend time is: 160
[2019-01-10 17:17:17] spend time is: 160
[2019-01-10 17:17:17] spend time is: 160
[2019-01-10 17:17:17] spend time is: 160
[2019-01-10 17:17:17] spend time is: 160
[2019-01-10 17:17:17] spend time is: 160
[2019-01-10 17:17:27] spend time is: 170
[2019-01-10 17:17:27] spend time is: 170
[2019-01-10 17:17:27] spend time is: 170
[2019-01-10 17:17:27] spend time is: 170
[2019-01-10 17:17:27] spend time is: 170
[2019-01-10 17:17:27] spend time is: 170
[2019-01-10 17:17:27] spend time is: 170
[2019-01-10 17:17:31] kube-ops-view-0.7.0.tgz update done.
[2019-01-10 17:17:37] spend time is: 180
[2019-01-10 17:17:37] spend time is: 180
[2019-01-10 17:17:37] spend time is: 180
[2019-01-10 17:17:37] spend time is: 180
[2019-01-10 17:17:37] spend time is: 180
[2019-01-10 17:17:37] spend time is: 180
[2019-01-10 17:17:37] spend time is: 180
[2019-01-10 17:17:47] spend time is: 190
[2019-01-10 17:17:47] spend time is: 190
[2019-01-10 17:17:47] spend time is: 190
[2019-01-10 17:17:47] spend time is: 190
[2019-01-10 17:17:47] spend time is: 190
[2019-01-10 17:17:47] spend time is: 190
[2019-01-10 17:17:47] spend time is: 190
[2019-01-10 17:17:57] spend time is: 200
[2019-01-10 17:17:57] spend time is: 200
[2019-01-10 17:17:57] spend time is: 200
[2019-01-10 17:17:57] spend time is: 200
[2019-01-10 17:17:57] spend time is: 200
[2019-01-10 17:17:57] spend time is: 200
[2019-01-10 17:18:07] spend time is: 210
[2019-01-10 17:18:07] spend time is: 210
[2019-01-10 17:18:07] spend time is: 210
[2019-01-10 17:18:07] spend time is: 210
[2019-01-10 17:18:07] spend time is: 210
[2019-01-10 17:18:07] spend time is: 210
[2019-01-10 17:18:07] spend time is: 210
[2019-01-10 17:18:17] spend time is: 220
[2019-01-10 17:18:17] spend time is: 220
[2019-01-10 17:18:17] spend time is: 220
[2019-01-10 17:18:17] spend time is: 220
[2019-01-10 17:18:17] spend time is: 220
[2019-01-10 17:18:17] spend time is: 220
[2019-01-10 17:18:17] spend time is: 220
[2019-01-10 17:18:27] spend time is: 230
[2019-01-10 17:18:27] spend time is: 230
[2019-01-10 17:18:27] spend time is: 230
[2019-01-10 17:18:27] spend time is: 230
[2019-01-10 17:18:27] spend time is: 230
[2019-01-10 17:18:27] spend time is: 230
[2019-01-10 17:18:27] spend time is: 230
[2019-01-10 17:18:37] spend time is: 240
[2019-01-10 17:18:37] spend time is: 240
[2019-01-10 17:18:37] spend time is: 240
[2019-01-10 17:18:37] spend time is: 240
[2019-01-10 17:18:37] spend time is: 240
[2019-01-10 17:18:37] spend time is: 240
[2019-01-10 17:18:37] spend time is: 240
[2019-01-10 17:26:47] mission-control-0.4.3.tgz update done.
[2019-01-10 17:26:47] spend time is: 730
[2019-01-10 17:26:47] spend time is: 730
[2019-01-10 17:26:47] spend time is: 730
[2019-01-10 17:26:47] spend time is: 730
[2019-01-10 17:26:47] spend time is: 730
[2019-01-10 17:26:57] spend time is: 740
[2019-01-10 17:26:57] spend time is: 740
[2019-01-10 17:26:57] spend time is: 740
[2019-01-10 17:26:57] spend time is: 740
[2019-01-10 17:26:57] spend time is: 740
[2019-01-10 17:26:57] spend time is: 740
[2019-01-10 17:26:57] spend time is: 740
[2019-01-10 17:26:58] spend time is: 740
[2019-01-10 17:27:07] spend time is: 750
[2019-01-10 17:27:07] spend time is: 750
[2019-01-10 17:27:07] spend time is: 750
[2019-01-10 17:27:07] spend time is: 750
[2019-01-10 17:27:07] spend time is: 750
[2019-01-10 17:27:07] spend time is: 750
[2019-01-10 17:27:07] spend time is: 750
[2019-01-10 17:27:17] spend time is: 760
[2019-01-10 17:27:17] spend time is: 760
[2019-01-10 17:27:17] spend time is: 760
[2019-01-10 17:27:17] spend time is: 760
[2019-01-10 17:27:17] spend time is: 760
[2019-01-10 17:27:17] spend time is: 760
[2019-01-10 17:27:17] spend time is: 760
[2019-01-10 17:27:27] spend time is: 770
[2019-01-10 17:27:27] spend time is: 770
[2019-01-10 17:27:27] spend time is: 770
[2019-01-10 17:27:27] spend time is: 770
[2019-01-10 17:27:27] spend time is: 770
[2019-01-10 17:27:27] spend time is: 770
[2019-01-10 17:27:27] spend time is: 770
[2019-01-10 17:27:36] nginx-ingress-1.1.4.tgz update done.
[2019-01-10 17:27:37] spend time is: 780
[2019-01-10 17:27:37] spend time is: 780
[2019-01-10 17:27:37] spend time is: 780
[2019-01-10 17:27:37] spend time is: 780
[2019-01-10 17:27:37] spend time is: 780
[2019-01-10 17:27:37] spend time is: 780
[2019-01-10 17:27:47] spend time is: 790
[2019-01-10 17:27:47] spend time is: 790
[2019-01-10 17:27:47] spend time is: 790
[2019-01-10 17:27:47] spend time is: 790
[2019-01-10 17:27:47] spend time is: 790
[2019-01-10 17:27:47] spend time is: 790
[2019-01-10 17:27:47] spend time is: 790
[2019-01-10 17:27:51] node-problem-detector-1.1.1.tgz update done.
[2019-01-10 17:27:57] spend time is: 800
[2019-01-10 17:27:57] spend time is: 800
[2019-01-10 17:27:57] spend time is: 800
[2019-01-10 17:27:57] spend time is: 800
[2019-01-10 17:27:57] spend time is: 800
[2019-01-10 17:27:57] spend time is: 800
[2019-01-10 17:27:57] spend time is: 800
[2019-01-10 17:27:57] spend time is: 800
[2019-01-10 17:28:07] spend time is: 810
[2019-01-10 17:28:07] spend time is: 810
[2019-01-10 17:28:07] spend time is: 810
[2019-01-10 17:28:07] spend time is: 810
[2019-01-10 17:28:07] spend time is: 810
[2019-01-10 17:28:07] spend time is: 810
[2019-01-10 17:28:07] spend time is: 810
[2019-01-10 17:28:12] openldap-0.3.0.tgz update done.
[2019-01-10 17:28:17] spend time is: 820
[2019-01-10 17:28:17] spend time is: 820
[2019-01-10 17:28:17] spend time is: 820
[2019-01-10 17:28:17] spend time is: 820
[2019-01-10 17:28:17] spend time is: 820
[2019-01-10 17:28:17] spend time is: 820
[2019-01-10 17:28:27] spend time is: 830
[2019-01-10 17:28:27] spend time is: 830
[2019-01-10 17:28:27] spend time is: 830
[2019-01-10 17:28:27] spend time is: 830
[2019-01-10 17:28:27] spend time is: 830
[2019-01-10 17:28:27] spend time is: 830
[2019-01-10 17:28:27] spend time is: 830
[2019-01-10 17:28:37] spend time is: 840
[2019-01-10 17:28:37] spend time is: 840
[2019-01-10 17:28:37] spend time is: 840
[2019-01-10 17:28:37] spend time is: 840
[2019-01-10 17:28:37] spend time is: 840
[2019-01-10 17:28:37] spend time is: 840
[2019-01-10 17:28:47] spend time is: 850
[2019-01-10 17:28:47] spend time is: 850
[2019-01-10 17:28:47] spend time is: 850
[2019-01-10 17:28:47] spend time is: 850
[2019-01-10 17:28:47] spend time is: 850
[2019-01-10 17:28:47] spend time is: 850
[2019-01-10 17:28:47] spend time is: 850
[2019-01-10 17:28:51] phabricator-4.0.6.tgz update done.
[2019-01-10 17:28:57] spend time is: 860
[2019-01-10 17:28:57] spend time is: 860
[2019-01-10 17:28:57] spend time is: 860
[2019-01-10 17:28:57] spend time is: 860
[2019-01-10 17:28:57] spend time is: 860
[2019-01-10 17:28:57] spend time is: 860
[2019-01-10 17:28:57] spend time is: 860
[2019-01-10 17:29:07] spend time is: 870
[2019-01-10 17:29:07] spend time is: 870
[2019-01-10 17:29:07] spend time is: 870
[2019-01-10 17:29:07] spend time is: 870
[2019-01-10 17:29:07] spend time is: 870
[2019-01-10 17:29:07] spend time is: 870
[2019-01-10 17:29:17] spend time is: 880
[2019-01-10 17:29:17] spend time is: 880
[2019-01-10 17:29:17] spend time is: 880
[2019-01-10 17:29:17] spend time is: 880
[2019-01-10 17:29:17] spend time is: 880
[2019-01-10 17:29:17] spend time is: 880
[2019-01-10 17:29:17] spend time is: 880
[2019-01-10 17:29:27] spend time is: 890
[2019-01-10 17:29:27] spend time is: 890
[2019-01-10 17:29:27] spend time is: 890
[2019-01-10 17:29:27] spend time is: 890
[2019-01-10 17:29:27] spend time is: 890
[2019-01-10 17:29:27] spend time is: 890
[2019-01-10 17:29:32] prestashop-6.0.1.tgz update done.
[2019-01-10 17:29:37] spend time is: 900
Already up to date.
